[debug] [2025-10-08T13:01:48.119Z] ----------------------------------------------------------------------
[debug] [2025-10-08T13:01:48.125Z] Command:       C:\Program Files\nodejs\node.exe C:\Users\madhankumar.ch\AppData\Roaming\npm\node_modules\firebase-tools\lib\bin\firebase.js login
[debug] [2025-10-08T13:01:48.126Z] CLI Version:   14.4.0
[debug] [2025-10-08T13:01:48.126Z] Platform:      win32
[debug] [2025-10-08T13:01:48.126Z] Node Version:  v23.11.0
[debug] [2025-10-08T13:01:48.127Z] Time:          Wed Oct 08 2025 18:31:48 GMT+0530 (India Standard Time)
[debug] [2025-10-08T13:01:48.127Z] ----------------------------------------------------------------------
[debug] 
[debug] [2025-10-08T13:01:48.131Z] >>> [apiv2][query] GET https://firebase-public.firebaseio.com/cli.json [none]
[info] i  Firebase optionally collects CLI and Emulator Suite usage and error reporting information to help improve our products. Data is collected in accordance with Google's privacy policy (https://policies.google.com/privacy) and is not used to identify you.
 
[debug] [2025-10-08T13:01:48.793Z] <<< [apiv2][status] GET https://firebase-public.firebaseio.com/cli.json 200
[debug] [2025-10-08T13:01:48.794Z] <<< [apiv2][body] GET https://firebase-public.firebaseio.com/cli.json {"cloudBuildErrorAfter":1594252800000,"cloudBuildWarnAfter":1590019200000,"defaultNode10After":1594252800000,"minVersion":"3.0.5","node8DeploysDisabledAfter":1613390400000,"node8RuntimeDisabledAfter":1615809600000,"node8WarnAfter":1600128000000}
[info] i  To change your data collection preference at any time, run `firebase logout` and log in again. 
[info] 
[info] Visit this URL on this device to log in:
[info] https://accounts.google.com/o/oauth2/auth?client_id=563584335869-fgrhgmd47bqnekij5i8b5pr03ho849e6.apps.googleusercontent.com&scope=email%20openid%20https%3A%2F%2Fwww.googleapis.com%2Fauth%2Fcloudplatformprojects.readonly%20https%3A%2F%2Fwww.googleapis.com%2Fauth%2Ffirebase%20https%3A%2F%2Fwww.googleapis.com%2Fauth%2Fcloud-platform&response_type=code&state=900305411&redirect_uri=http%3A%2F%2Flocalhost%3A9005
[info] 
[info] Waiting for authentication...
[debug] [2025-10-08T13:02:08.404Z] >>> [apiv2][query] POST https://accounts.google.com/o/oauth2/token [none]
[debug] [2025-10-08T13:02:08.405Z] >>> [apiv2][body] POST https://accounts.google.com/o/oauth2/token [omitted]
[debug] [2025-10-08T13:02:08.685Z] <<< [apiv2][status] POST https://accounts.google.com/o/oauth2/token 200
[debug] [2025-10-08T13:02:08.685Z] <<< [apiv2][body] POST https://accounts.google.com/o/oauth2/token [omitted]
[info] 
[info] +  Success! Logged in as chiluverimadhankumarnetha@gmail.com 
[debug] [2025-10-08T13:02:18.866Z] Error: Timed out.
    at Timeout._onTimeout (C:\Users\madhankumar.ch\AppData\Roaming\npm\node_modules\firebase-tools\lib\utils.js:267:49)
    at listOnTimeout (node:internal/timers:608:17)
    at process.processTimers (node:internal/timers:543:7)
[error] 
[error] Error: An unexpected error has occurred.
[debug] [2025-10-08T13:02:35.464Z] ----------------------------------------------------------------------
[debug] [2025-10-08T13:02:35.467Z] Command:       C:\Program Files\nodejs\node.exe C:\Users\madhankumar.ch\AppData\Roaming\npm\node_modules\firebase-tools\lib\bin\firebase.js login
[debug] [2025-10-08T13:02:35.467Z] CLI Version:   14.4.0
[debug] [2025-10-08T13:02:35.467Z] Platform:      win32
[debug] [2025-10-08T13:02:35.467Z] Node Version:  v23.11.0
[debug] [2025-10-08T13:02:35.467Z] Time:          Wed Oct 08 2025 18:32:35 GMT+0530 (India Standard Time)
[debug] [2025-10-08T13:02:35.467Z] ----------------------------------------------------------------------
[debug] 
[info] Already logged in as chiluverimadhankumarnetha@gmail.com
[debug] [2025-10-08T13:02:44.371Z] ----------------------------------------------------------------------
[debug] [2025-10-08T13:02:44.373Z] Command:       C:\Program Files\nodejs\node.exe C:\Users\madhankumar.ch\AppData\Roaming\npm\node_modules\firebase-tools\lib\bin\firebase.js init
[debug] [2025-10-08T13:02:44.373Z] CLI Version:   14.4.0
[debug] [2025-10-08T13:02:44.373Z] Platform:      win32
[debug] [2025-10-08T13:02:44.373Z] Node Version:  v23.11.0
[debug] [2025-10-08T13:02:44.374Z] Time:          Wed Oct 08 2025 18:32:44 GMT+0530 (India Standard Time)
[debug] [2025-10-08T13:02:44.374Z] ----------------------------------------------------------------------
[debug] 
[debug] [2025-10-08T13:02:44.379Z] > command requires scopes: ["email","openid","https://www.googleapis.com/auth/cloudplatformprojects.readonly","https://www.googleapis.com/auth/firebase","https://www.googleapis.com/auth/cloud-platform"]
[debug] [2025-10-08T13:02:44.379Z] > authorizing via signed-in user (chiluverimadhankumarnetha@gmail.com)
[info] 
     ######## #### ########  ######## ########     ###     ######  ########
     ##        ##  ##     ## ##       ##     ##  ##   ##  ##       ##
     ######    ##  ########  ######   ########  #########  ######  ######
     ##        ##  ##    ##  ##       ##     ## ##     ##       ## ##
     ##       #### ##     ## ######## ########  ##     ##  ######  ########

You're about to initialize a Firebase project in this directory:

  D:\Madhan_Git\NalsoftReactApp

[debug] [2025-10-08T13:02:57.932Z] Error: Timed out.
    at Timeout._onTimeout (C:\Users\madhankumar.ch\AppData\Roaming\npm\node_modules\firebase-tools\lib\utils.js:267:49)
    at listOnTimeout (node:internal/timers:608:17)
    at process.processTimers (node:internal/timers:543:7)
[error] 
[error] Error: An unexpected error has occurred.
[debug] [2025-10-08T13:03:02.188Z] ----------------------------------------------------------------------
[debug] [2025-10-08T13:03:02.191Z] Command:       C:\Program Files\nodejs\node.exe C:\Users\madhankumar.ch\AppData\Roaming\npm\node_modules\firebase-tools\lib\bin\firebase.js init
[debug] [2025-10-08T13:03:02.191Z] CLI Version:   14.4.0
[debug] [2025-10-08T13:03:02.191Z] Platform:      win32
[debug] [2025-10-08T13:03:02.191Z] Node Version:  v23.11.0
[debug] [2025-10-08T13:03:02.191Z] Time:          Wed Oct 08 2025 18:33:02 GMT+0530 (India Standard Time)
[debug] [2025-10-08T13:03:02.191Z] ----------------------------------------------------------------------
[debug] 
[debug] [2025-10-08T13:03:02.195Z] > command requires scopes: ["email","openid","https://www.googleapis.com/auth/cloudplatformprojects.readonly","https://www.googleapis.com/auth/firebase","https://www.googleapis.com/auth/cloud-platform"]
[debug] [2025-10-08T13:03:02.195Z] > authorizing via signed-in user (chiluverimadhankumarnetha@gmail.com)
[info] 
     ######## #### ########  ######## ########     ###     ######  ########
     ##        ##  ##     ## ##       ##     ##  ##   ##  ##       ##
     ######    ##  ########  ######   ########  #########  ######  ######
     ##        ##  ##    ##  ##       ##     ## ##     ##       ## ##
     ##       #### ##     ## ######## ########  ##     ##  ######  ########

You're about to initialize a Firebase project in this directory:

  D:\Madhan_Git\NalsoftReactApp

[info] 
=== Project Setup
[info] 
[info] First, let's associate this project directory with a Firebase project.
[info] You can create multiple project aliases by running firebase use --add, 
[info] but for now we'll just set up a default project.
[info] 
[info] i  If you want to create a project in a Google Cloud organization or folder, please use "firebase projects:create" instead, and return to this command when you've created the project. 
[debug] [2025-10-08T13:03:23.986Z] Checked if tokens are valid: true, expires at: 1759932127685
[debug] [2025-10-08T13:03:23.986Z] Checked if tokens are valid: true, expires at: 1759932127685
[debug] [2025-10-08T13:03:23.987Z] >>> [apiv2][query] POST https://cloudresourcemanager.googleapis.com/v1/projects [none]
[debug] [2025-10-08T13:03:23.987Z] >>> [apiv2][body] POST https://cloudresourcemanager.googleapis.com/v1/projects {"projectId":"nalsoftreactapp","name":"nalsoftreactapp"}
[debug] [2025-10-08T13:03:25.484Z] <<< [apiv2][status] POST https://cloudresourcemanager.googleapis.com/v1/projects 409
[debug] [2025-10-08T13:03:25.484Z] <<< [apiv2][body] POST https://cloudresourcemanager.googleapis.com/v1/projects {"error":{"code":409,"message":"Requested entity already exists","status":"ALREADY_EXISTS"}}
[debug] [2025-10-08T13:03:25.667Z] FirebaseError: Request to https://cloudresourcemanager.googleapis.com/v1/projects had HTTP Error: 409, Requested entity already exists
    at responseToError (C:\Users\madhankumar.ch\AppData\Roaming\npm\node_modules\firebase-tools\lib\responseToError.js:52:12)
    at RetryOperation._fn (C:\Users\madhankumar.ch\AppData\Roaming\npm\node_modules\firebase-tools\lib\apiv2.js:312:77)
    at process.processTicksAndRejections (node:internal/process/task_queues:105:5)
[error] 
[error] Error: Failed to create project because there is already a project with ID nalsoftreactapp. Please try again with a unique project ID.
[debug] [2025-10-08T13:03:33.119Z] ----------------------------------------------------------------------
[debug] [2025-10-08T13:03:33.121Z] Command:       C:\Program Files\nodejs\node.exe C:\Users\madhankumar.ch\AppData\Roaming\npm\node_modules\firebase-tools\lib\bin\firebase.js init
[debug] [2025-10-08T13:03:33.122Z] CLI Version:   14.4.0
[debug] [2025-10-08T13:03:33.122Z] Platform:      win32
[debug] [2025-10-08T13:03:33.122Z] Node Version:  v23.11.0
[debug] [2025-10-08T13:03:33.122Z] Time:          Wed Oct 08 2025 18:33:33 GMT+0530 (India Standard Time)
[debug] [2025-10-08T13:03:33.122Z] ----------------------------------------------------------------------
[debug] 
[debug] [2025-10-08T13:03:33.125Z] > command requires scopes: ["email","openid","https://www.googleapis.com/auth/cloudplatformprojects.readonly","https://www.googleapis.com/auth/firebase","https://www.googleapis.com/auth/cloud-platform"]
[debug] [2025-10-08T13:03:33.125Z] > authorizing via signed-in user (chiluverimadhankumarnetha@gmail.com)
[info] 
     ######## #### ########  ######## ########     ###     ######  ########
     ##        ##  ##     ## ##       ##     ##  ##   ##  ##       ##
     ######    ##  ########  ######   ########  #########  ######  ######
     ##        ##  ##    ##  ##       ##     ## ##     ##       ## ##
     ##       #### ##     ## ######## ########  ##     ##  ######  ########

You're about to initialize a Firebase project in this directory:

  D:\Madhan_Git\NalsoftReactApp

[info] 
=== Project Setup
[info] 
[info] First, let's associate this project directory with a Firebase project.
[info] You can create multiple project aliases by running firebase use --add, 
[info] but for now we'll just set up a default project.
[info] 
[info] i  If you want to create a project in a Google Cloud organization or folder, please use "firebase projects:create" instead, and return to this command when you've created the project. 
[debug] [2025-10-08T13:03:54.375Z] Checked if tokens are valid: true, expires at: 1759932127685
[debug] [2025-10-08T13:03:54.376Z] Checked if tokens are valid: true, expires at: 1759932127685
[debug] [2025-10-08T13:03:54.376Z] >>> [apiv2][query] POST https://cloudresourcemanager.googleapis.com/v1/projects [none]
[debug] [2025-10-08T13:03:54.377Z] >>> [apiv2][body] POST https://cloudresourcemanager.googleapis.com/v1/projects {"projectId":"nalsoftreactwebapp","name":"nalsoftreactwebapp"}
[debug] [2025-10-08T13:03:55.894Z] <<< [apiv2][status] POST https://cloudresourcemanager.googleapis.com/v1/projects 200
[debug] [2025-10-08T13:03:55.894Z] <<< [apiv2][body] POST https://cloudresourcemanager.googleapis.com/v1/projects {"name":"operations/create_project.global.6276264950566266965"}
[debug] [2025-10-08T13:03:55.895Z] Checked if tokens are valid: true, expires at: 1759932127685
[debug] [2025-10-08T13:03:55.895Z] Checked if tokens are valid: true, expires at: 1759932127685
[debug] [2025-10-08T13:03:55.895Z] >>> [apiv2][query] GET https://cloudresourcemanager.googleapis.com/v1/operations/create_project.global.6276264950566266965 [none]
[debug] [2025-10-08T13:03:57.228Z] <<< [apiv2][status] GET https://cloudresourcemanager.googleapis.com/v1/operations/create_project.global.6276264950566266965 200
[debug] [2025-10-08T13:03:57.229Z] <<< [apiv2][body] GET https://cloudresourcemanager.googleapis.com/v1/operations/create_project.global.6276264950566266965 {"name":"operations/create_project.global.6276264950566266965","metadata":{"@type":"type.googleapis.com/google.cloudresourcemanager.v1.ProjectCreationStatus","gettable":true,"ready":true},"done":true,"response":{"@type":"type.googleapis.com/google.cloudresourcemanager.v1.Project","projectNumber":"142967497417","projectId":"nalsoftreactwebapp","lifecycleState":"ACTIVE","name":"nalsoftreactwebapp","createTime":"2025-10-08T13:03:56.604718Z"}}
[debug] [2025-10-08T13:03:57.233Z] Checked if tokens are valid: true, expires at: 1759932127685
[debug] [2025-10-08T13:03:57.234Z] Checked if tokens are valid: true, expires at: 1759932127685
[debug] [2025-10-08T13:03:57.234Z] >>> [apiv2][query] POST https://firebase.googleapis.com/v1beta1/projects/nalsoftreactwebapp:addFirebase [none]
[debug] [2025-10-08T13:04:01.059Z] <<< [apiv2][status] POST https://firebase.googleapis.com/v1beta1/projects/nalsoftreactwebapp:addFirebase 200
[debug] [2025-10-08T13:04:01.059Z] <<< [apiv2][body] POST https://firebase.googleapis.com/v1beta1/projects/nalsoftreactwebapp:addFirebase {"name":"operations/workflows/NWI2OWNjY2ItOGE4ZC00Y2VhLWI3Y2ItNTMzMTNmNDlhOTRk"}
[debug] [2025-10-08T13:04:01.059Z] Checked if tokens are valid: true, expires at: 1759932127685
[debug] [2025-10-08T13:04:01.059Z] Checked if tokens are valid: true, expires at: 1759932127685
[debug] [2025-10-08T13:04:01.059Z] >>> [apiv2][query] GET https://firebase.googleapis.com/v1beta1/operations/workflows/NWI2OWNjY2ItOGE4ZC00Y2VhLWI3Y2ItNTMzMTNmNDlhOTRk [none]
[debug] [2025-10-08T13:04:04.735Z] <<< [apiv2][status] GET https://firebase.googleapis.com/v1beta1/operations/workflows/NWI2OWNjY2ItOGE4ZC00Y2VhLWI3Y2ItNTMzMTNmNDlhOTRk 200
[debug] [2025-10-08T13:04:04.735Z] <<< [apiv2][body] GET https://firebase.googleapis.com/v1beta1/operations/workflows/NWI2OWNjY2ItOGE4ZC00Y2VhLWI3Y2ItNTMzMTNmNDlhOTRk {"name":"operations/workflows/NWI2OWNjY2ItOGE4ZC00Y2VhLWI3Y2ItNTMzMTNmNDlhOTRk"}
[debug] [2025-10-08T13:04:05.241Z] [Add Firebase Poller] Retrying task index 0
[debug] [2025-10-08T13:04:05.242Z] Checked if tokens are valid: true, expires at: 1759932127685
[debug] [2025-10-08T13:04:05.242Z] Checked if tokens are valid: true, expires at: 1759932127685
[debug] [2025-10-08T13:04:05.242Z] >>> [apiv2][query] GET https://firebase.googleapis.com/v1beta1/operations/workflows/NWI2OWNjY2ItOGE4ZC00Y2VhLWI3Y2ItNTMzMTNmNDlhOTRk [none]
[debug] [2025-10-08T13:04:06.418Z] <<< [apiv2][status] GET https://firebase.googleapis.com/v1beta1/operations/workflows/NWI2OWNjY2ItOGE4ZC00Y2VhLWI3Y2ItNTMzMTNmNDlhOTRk 200
[debug] [2025-10-08T13:04:06.418Z] <<< [apiv2][body] GET https://firebase.googleapis.com/v1beta1/operations/workflows/NWI2OWNjY2ItOGE4ZC00Y2VhLWI3Y2ItNTMzMTNmNDlhOTRk {"name":"operations/workflows/NWI2OWNjY2ItOGE4ZC00Y2VhLWI3Y2ItNTMzMTNmNDlhOTRk"}
[debug] [2025-10-08T13:04:07.434Z] [Add Firebase Poller] Retrying task index 0
[debug] [2025-10-08T13:04:07.435Z] Checked if tokens are valid: true, expires at: 1759932127685
[debug] [2025-10-08T13:04:07.435Z] Checked if tokens are valid: true, expires at: 1759932127685
[debug] [2025-10-08T13:04:07.435Z] >>> [apiv2][query] GET https://firebase.googleapis.com/v1beta1/operations/workflows/NWI2OWNjY2ItOGE4ZC00Y2VhLWI3Y2ItNTMzMTNmNDlhOTRk [none]
[debug] [2025-10-08T13:04:08.161Z] <<< [apiv2][status] GET https://firebase.googleapis.com/v1beta1/operations/workflows/NWI2OWNjY2ItOGE4ZC00Y2VhLWI3Y2ItNTMzMTNmNDlhOTRk 200
[debug] [2025-10-08T13:04:08.161Z] <<< [apiv2][body] GET https://firebase.googleapis.com/v1beta1/operations/workflows/NWI2OWNjY2ItOGE4ZC00Y2VhLWI3Y2ItNTMzMTNmNDlhOTRk {"name":"operations/workflows/NWI2OWNjY2ItOGE4ZC00Y2VhLWI3Y2ItNTMzMTNmNDlhOTRk"}
[debug] [2025-10-08T13:04:10.167Z] [Add Firebase Poller] Retrying task index 0
[debug] [2025-10-08T13:04:10.168Z] Checked if tokens are valid: true, expires at: 1759932127685
[debug] [2025-10-08T13:04:10.168Z] Checked if tokens are valid: true, expires at: 1759932127685
[debug] [2025-10-08T13:04:10.168Z] >>> [apiv2][query] GET https://firebase.googleapis.com/v1beta1/operations/workflows/NWI2OWNjY2ItOGE4ZC00Y2VhLWI3Y2ItNTMzMTNmNDlhOTRk [none]
[debug] [2025-10-08T13:04:11.183Z] <<< [apiv2][status] GET https://firebase.googleapis.com/v1beta1/operations/workflows/NWI2OWNjY2ItOGE4ZC00Y2VhLWI3Y2ItNTMzMTNmNDlhOTRk 200
[debug] [2025-10-08T13:04:11.183Z] <<< [apiv2][body] GET https://firebase.googleapis.com/v1beta1/operations/workflows/NWI2OWNjY2ItOGE4ZC00Y2VhLWI3Y2ItNTMzMTNmNDlhOTRk {"name":"operations/workflows/NWI2OWNjY2ItOGE4ZC00Y2VhLWI3Y2ItNTMzMTNmNDlhOTRk","done":true,"response":{"@type":"type.googleapis.com/google.firebase.service.v1beta1.FirebaseProject","projectId":"nalsoftreactwebapp","projectNumber":"142967497417","displayName":"nalsoftreactwebapp","name":"projects/nalsoftreactwebapp","resources":{"hostingSite":"nalsoftreactwebapp"}}}
[info] 
[info] === Your Firebase project is ready! ===
[info] 
[info] Project information:
[info]    - Project ID: nalsoftreactwebapp
[info]    - Project Name: nalsoftreactwebapp
[info] 
[info] Firebase console is available at
[info] https://console.firebase.google.com/project/nalsoftreactwebapp/overview
[info] i  Using project nalsoftreactwebapp (nalsoftreactwebapp) 
[info] 
=== Hosting Setup
[debug] [2025-10-08T13:04:11.203Z] Checked if tokens are valid: true, expires at: 1759932127685
[debug] [2025-10-08T13:04:11.203Z] Checked if tokens are valid: true, expires at: 1759932127685
[debug] [2025-10-08T13:04:11.204Z] >>> [apiv2][query] GET https://firebase.googleapis.com/v1beta1/projects/nalsoftreactwebapp [none]
[debug] [2025-10-08T13:04:12.155Z] <<< [apiv2][status] GET https://firebase.googleapis.com/v1beta1/projects/nalsoftreactwebapp 200
[debug] [2025-10-08T13:04:12.155Z] <<< [apiv2][body] GET https://firebase.googleapis.com/v1beta1/projects/nalsoftreactwebapp {"projectId":"nalsoftreactwebapp","projectNumber":"142967497417","displayName":"nalsoftreactwebapp","name":"projects/nalsoftreactwebapp","resources":{"hostingSite":"nalsoftreactwebapp"},"state":"ACTIVE","etag":"1_7e41caa6-1157-4028-9b72-ddfa2ac33b85"}
[info] 
[info] Your public directory is the folder (relative to your project directory) that
[info] will contain Hosting assets to be uploaded with firebase deploy. If you
[info] have a build process for your assets, use your build's output directory.
[info] 
[info] +  Wrote build//404.html 
[debug] [2025-10-08T13:05:04.303Z] >>> [apiv2][query] GET https://www.gstatic.com/firebasejs/releases.json [none]
[debug] [2025-10-08T13:05:04.388Z] <<< [apiv2][status] GET https://www.gstatic.com/firebasejs/releases.json 200
[debug] [2025-10-08T13:05:04.388Z] <<< [apiv2][body] GET https://www.gstatic.com/firebasejs/releases.json {"current":{"version":"12.3.0","browserURL":"https://www.gstatic.com/firebasejs/12.3.0/firebase.js","packageURL":"https://www.gstatic.com/firebasejs/12.3.0/firebase.tgz"},"live":{"version":"12.3","browserURL":"https://www.gstatic.com/firebasejs/live/12.3/firebase.js","packageURL":"https://www.gstatic.com/firebasejs/live/12.3/firebase.tgz"},"components":{"ai":"https://www.gstatic.com/firebasejs/12.3.0/firebase-ai.js","analytics":"https://www.gstatic.com/firebasejs/12.3.0/firebase-analytics.js","app":"https://www.gstatic.com/firebasejs/12.3.0/firebase-app.js","app-check":"https://www.gstatic.com/firebasejs/12.3.0/firebase-app-check.js","auth":"https://www.gstatic.com/firebasejs/12.3.0/firebase-auth.js","auth/cordova":"https://www.gstatic.com/firebasejs/12.3.0/firebase-auth/cordova.js","auth/web-extension":"https://www.gstatic.com/firebasejs/12.3.0/firebase-auth/web-extension.js","functions":"https://www.gstatic.com/firebasejs/12.3.0/firebase-functions.js","firestore":"https://www.gstatic.com/firebasejs/12.3.0/firebase-firestore.js","firestore/lite":"https://www.gstatic.com/firebasejs/12.3.0/firebase-firestore/lite.js","installations":"https://www.gstatic.com/firebasejs/12.3.0/firebase-installations.js","storage":"https://www.gstatic.com/firebasejs/12.3.0/firebase-storage.js","performance":"https://www.gstatic.com/firebasejs/12.3.0/firebase-performance.js","remote-config":"https://www.gstatic.com/firebasejs/12.3.0/firebase-remote-config.js","messaging":"https://www.gstatic.com/firebasejs/12.3.0/firebase-messaging.js","messaging/sw":"https://www.gstatic.com/firebasejs/12.3.0/firebase-messaging/sw.js","database":"https://www.gstatic.com/firebasejs/12.3.0/firebase-database.js","data-connect":"https://www.gstatic.com/firebasejs/12.3.0/firebase-data-connect.js","firestore.memory":"https://www.gstatic.com/firebasejs/12.3.0/firebase-firestore.memory.js"}}
[info] i  Skipping write of build//index.html 
[info] 
[info] i  Writing configuration info to firebase.json... 
[info] i  Writing project information to .firebaserc... 
[info] 
[info] +  Firebase initialization complete! 
[debug] [2025-10-08T13:05:28.430Z] Error: Timed out.
    at Timeout._onTimeout (C:\Users\madhankumar.ch\AppData\Roaming\npm\node_modules\firebase-tools\lib\utils.js:267:49)
    at listOnTimeout (node:internal/timers:608:17)
    at process.processTimers (node:internal/timers:543:7)
[error] 
[error] Error: An unexpected error has occurred.
